<?xml version="1.0" encoding="utf-8"?><testsuites name="pytest tests"><testsuite name="pytest" errors="0" failures="0" skipped="0" tests="18" time="0.098" timestamp="2026-08-04T03:05:20.880791+00:00" hostname="agent-env-6b806024-a2d1-4e49-8221-01131464cd7b"><testcase classname="backend.tests.test_combat_bridge.TestHeadless" name="test_headless_returns_valid_outcome_and_hp_write_back" time="0.011" /><testcase classname="backend.tests.test_combat_bridge.TestHeadless" name="test_headless_terminates_within_engine_cap" time="0.006" /><testcase classname="backend.tests.test_combat_bridge.TestPartyBuild" name="test_class_map_defaults" time="0.000" /><testcase classname="backend.tests.test_combat_bridge.TestPartyBuild" name="test_party_uses_world_player_hp_and_level_scaling" time="0.000" /><testcase classname="backend.tests.test_combat_bridge.TestPartyBuild" name="test_companions_join_party_and_hp_written_back" time="0.000" /><testcase classname="backend.tests.test_combat_bridge.TestEnemyBuild" name="test_pick_group_biome_mapping" time="0.000" /><testcase classname="backend.tests.test_combat_bridge.TestEnemyBuild" name="test_bridge_source_does_not_import_enemy_manager" time="0.000" /><testcase classname="backend.tests.test_combat_bridge.TestEnemyBuild" name="test_build_group_returns_blueprint_enemies" time="0.001" /><testcase classname="backend.tests.test_combat_bridge.TestFairnessCap" name="test_solo_hero_caps_at_two_enemies" time="0.001" /><testcase classname="backend.tests.test_combat_bridge.TestFairnessCap" name="test_party_of_three_caps_at_four" time="0.001" /><testcase classname="backend.tests.test_combat_bridge.TestRewards" name="test_victory_grants_xp_gold_and_loot" time="0.001" /><testcase classname="backend.tests.test_combat_bridge.TestRewards" name="test_defeat_no_rewards_but_hp_still_written" time="0.001" /><testcase classname="backend.tests.test_combat_bridge.TestInteractive" name="test_full_scripted_interactive_encounter_terminates" time="0.027" /><testcase classname="backend.tests.test_combat_bridge.TestInteractive" name="test_interactive_controller_unreachable_move_is_rejected" time="0.001" /><testcase classname="backend.tests.test_combat_bridge.TestWiring" name="test_explore_menu_source_uses_combat_bridge_not_legacy" time="0.002" /><testcase classname="backend.tests.test_combat_bridge.TestWiring" name="test_hunt_calls_start_encounter" time="0.001" /><testcase classname="backend.tests.test_combat_bridge.TestLegacyStillImports" name="test_legacy_combat_imports" time="0.001" /><testcase classname="backend.tests.test_combat_bridge.TestSaveLoadAfterEncounter" name="test_save_load_roundtrip_after_encounter" time="0.002" /></testsuite></testsuites>