<?xml version="1.0" encoding="utf-8"?><testsuites name="pytest tests"><testsuite name="pytest" errors="0" failures="0" skipped="0" tests="23" time="0.059" timestamp="2026-08-04T02:26:20.831702+00:00" hostname="agent-env-6b806024-a2d1-4e49-8221-01131464cd7b"><testcase classname="backend.tests.test_phase1_wiring_integration.TestRegionGraph" name="test_all_regions_reachable_from_start" time="0.002" /><testcase classname="backend.tests.test_phase1_wiring_integration.TestRegionGraph" name="test_no_dangling_neighbor_ids" time="0.000" /><testcase classname="backend.tests.test_phase1_wiring_integration.TestTravel" name="test_trigger_travel_event_emit_collision_bug" time="0.001" /><testcase classname="backend.tests.test_phase1_wiring_integration.TestTravel" name="test_travel_to_neighbor_updates_current_and_discovery" time="0.002" /><testcase classname="backend.tests.test_phase1_wiring_integration.TestTravel" name="test_travel_to_nonexistent_region_rejected" time="0.000" /><testcase classname="backend.tests.test_phase1_wiring_integration.TestTravel" name="test_travel_to_non_neighbor_rejected" time="0.000" /><testcase classname="backend.tests.test_phase1_wiring_integration.TestTravel" name="test_fast_travel_only_allows_discovered" time="0.000" /><testcase classname="backend.tests.test_phase1_wiring_integration.TestSettlements" name="test_every_referenced_settlement_survives_enter" time="0.001" /><testcase classname="backend.tests.test_phase1_wiring_integration.TestSettlements" name="test_enter_same_settlement_twice" time="0.000" /><testcase classname="backend.tests.test_phase1_wiring_integration.TestSettlements" name="test_settlement_menu_lists_and_leaves" time="0.000" /><testcase classname="backend.tests.test_phase1_wiring_integration.TestNPCs" name="test_talk_to_locals_when_no_one_in_region" time="0.000" /><testcase classname="backend.tests.test_phase1_wiring_integration.TestNPCs" name="test_start_dialogue_via_settlement_scene" time="0.000" /><testcase classname="backend.tests.test_phase1_wiring_integration.TestQuests" name="test_quest_board_populates_active_quests" time="0.000" /><testcase classname="backend.tests.test_phase1_wiring_integration.TestQuests" name="test_empty_quest_board_scene_runs" time="0.000" /><testcase classname="backend.tests.test_phase1_wiring_integration.TestPersistence" name="test_validate_world_state_new_game_truthy" time="0.000" /><testcase classname="backend.tests.test_phase1_wiring_integration.TestPersistence" name="test_save_load_preserves_quests_and_discovery" time="0.003" /><testcase classname="backend.tests.test_phase1_wiring_integration.TestPersistence" name="test_td001_discovery_agrees_across_travel_save_load" time="0.001" /><testcase classname="backend.tests.test_phase1_wiring_integration.TestPersistence" name="test_autosave_inside_settlement" time="0.001" /><testcase classname="backend.tests.test_phase1_wiring_integration.TestPersistence" name="test_safe_load_after_travel_mid_flight" time="0.001" /><testcase classname="backend.tests.test_phase1_wiring_integration.TestCombatRegression" name="test_quick_encounter_runs_with_attack_input" time="0.000" /><testcase classname="backend.tests.test_phase1_wiring_integration.TestSubsystems" name="test_inventory_give_and_show" time="0.000" /><testcase classname="backend.tests.test_phase1_wiring_integration.TestSubsystems" name="test_progression_add_experience_and_level_up" time="0.000" /><testcase classname="backend.tests.test_phase1_wiring_integration.TestSubsystems" name="test_legacy_harness_importable" time="0.008" /></testsuite></testsuites>