<?xml version="1.0" encoding="utf-8"?><testsuites name="pytest tests"><testsuite name="pytest" errors="0" failures="0" skipped="0" tests="29" time="0.166" timestamp="2026-08-04T02:52:39.888272+00:00" hostname="agent-env-6b806024-a2d1-4e49-8221-01131464cd7b"><testcase classname="backend.tests.test_phase_a_facing_flanking.TestFacingModule" name="test_dirs_cardinal_vectors" time="0.000" /><testcase classname="backend.tests.test_phase_a_facing_flanking.TestFacingModule" name="test_dir_from_to_cardinal" time="0.000" /><testcase classname="backend.tests.test_phase_a_facing_flanking.TestFacingModule" name="test_dir_from_to_returns_only_cardinals" time="0.000" /><testcase classname="backend.tests.test_phase_a_facing_flanking.TestFacingModule" name="test_relative_arc_e_facing_defender" time="0.000" /><testcase classname="backend.tests.test_phase_a_facing_flanking.TestFacingModule" name="test_relative_arc_none_is_always_front_backcompat" time="0.000" /><testcase classname="backend.tests.test_phase_a_facing_flanking.TestFacingModule" name="test_is_flanking_helper" time="0.000" /><testcase classname="backend.tests.test_phase_a_facing_flanking.TestFacingModule" name="test_facing_tables_shape" time="0.000" /><testcase classname="backend.tests.test_phase_a_facing_flanking.TestSharedHitChance" name="test_breakdown_exposes_facing_keys" time="0.000" /><testcase classname="backend.tests.test_phase_a_facing_flanking.TestSharedHitChance" name="test_rear_attack_raises_chance_by_0_20" time="0.000" /><testcase classname="backend.tests.test_phase_a_facing_flanking.TestSharedHitChance" name="test_side_attack_raises_chance_by_0_10" time="0.000" /><testcase classname="backend.tests.test_phase_a_facing_flanking.TestSharedHitChance" name="test_ai_and_player_share_same_function" time="0.000" /><testcase classname="backend.tests.test_phase_a_facing_flanking.TestFlankDamage" name="test_rear_flank_deals_1_25x_damage" time="0.000" /><testcase classname="backend.tests.test_phase_a_facing_flanking.TestFlankDamage" name="test_front_attack_deals_flat_damage" time="0.000" /><testcase classname="backend.tests.test_phase_a_facing_flanking.TestFlankDamage" name="test_none_facing_treated_as_front_backcompat" time="0.000" /><testcase classname="backend.tests.test_phase_a_facing_flanking.TestFlankDamage" name="test_flank_log_tag_present" time="0.000" /><testcase classname="backend.tests.test_phase_a_facing_flanking.TestFlankDamage" name="test_no_flank_tag_on_front_hit" time="0.000" /><testcase classname="backend.tests.test_phase_a_facing_flanking.TestFlankDamage" name="test_attacker_faces_target_after_attack" time="0.000" /><testcase classname="backend.tests.test_phase_a_facing_flanking.TestOpportunityAttacks" name="test_opportunity_fires_when_leaving_reach" time="0.001" /><testcase classname="backend.tests.test_phase_a_facing_flanking.TestOpportunityAttacks" name="test_no_opportunity_when_still_adjacent" time="0.000" /><testcase classname="backend.tests.test_phase_a_facing_flanking.TestOpportunityAttacks" name="test_ranged_foe_not_adjacent_does_not_get_opportunity" time="0.001" /><testcase classname="backend.tests.test_phase_a_facing_flanking.TestOpportunityAttacks" name="test_each_foe_swings_at_most_once_per_move" time="0.001" /><testcase classname="backend.tests.test_phase_a_facing_flanking.TestReadability" name="test_movement_preview_exposes_provokes_opportunity_from" time="0.001" /><testcase classname="backend.tests.test_phase_a_facing_flanking.TestReadability" name="test_movement_preview_empty_when_still_in_reach" time="0.000" /><testcase classname="backend.tests.test_phase_a_facing_flanking.TestMoveSetsFacing" name="test_facing_matches_last_step" time="0.001" /><testcase classname="backend.tests.test_phase_a_facing_flanking.TestFoundationRegression" name="test_front_melee_damage_minus_armor_still_7" time="0.000" /><testcase classname="backend.tests.test_phase_a_facing_flanking.TestFoundationRegression" name="test_ranged_range_gate" time="0.000" /><testcase classname="backend.tests.test_phase_a_facing_flanking.TestFoundationRegression" name="test_all_74_blueprints_resolve_and_spawn" time="0.009" /><testcase classname="backend.tests.test_phase_a_facing_flanking.TestFoundationRegression" name="test_auto_battle_terminates_with_opportunity_attacks_active" time="0.009" /><testcase classname="backend.tests.test_phase_a_facing_flanking.TestEncounterAutoBattles" name="test_multiple_encounters_run_clean" time="0.084" /></testsuite></testsuites>