<?xml version="1.0" encoding="utf-8"?><testsuites name="pytest tests"><testsuite name="pytest" errors="0" failures="0" skipped="0" tests="116" time="0.400" timestamp="2026-08-04T03:27:48.384303+00:00" hostname="agent-env-6b806024-a2d1-4e49-8221-01131464cd7b"><testcase classname="backend.tests.test_ai_personalities.TestProfileLibrary" name="test_all_referenced_profiles_defined_and_nonempty" time="0.008" /><testcase classname="backend.tests.test_ai_personalities.TestProfileLibrary" name="test_bogus_profile_warns_and_falls_back" time="0.001" /><testcase classname="backend.tests.test_ai_personalities.TestDistinctBehaviors" name="test_defender_holds_ground" time="0.000" /><testcase classname="backend.tests.test_ai_personalities.TestDistinctBehaviors" name="test_kiter_avoids_adjacent_foe" time="0.000" /><testcase classname="backend.tests.test_ai_personalities.TestDistinctBehaviors" name="test_flanker_prefers_rear" time="0.000" /><testcase classname="backend.tests.test_ai_personalities.TestDistinctBehaviors" name="test_charger_closes_distance_harder" time="0.000" /><testcase classname="backend.tests.test_ai_personalities.TestDistinctBehaviors" name="test_fearless_ignores_threat_penalty" time="0.000" /><testcase classname="backend.tests.test_ai_personalities.TestFleeMorale" name="test_cowardly_low_hp_retreats" time="0.001" /><testcase classname="backend.tests.test_ai_personalities.TestFleeMorale" name="test_fearless_at_1hp_does_not_flee" time="0.001" /><testcase classname="backend.tests.test_ai_personalities.TestFleeMorale" name="test_commander_nearby_halves_threshold" time="0.001" /><testcase classname="backend.tests.test_ai_personalities.TestFleeMorale" name="test_low_morale_raises_threshold" time="0.001" /><testcase classname="backend.tests.test_ai_personalities.TestBehaviorMemory" name="test_memory_keys_populated_after_turn" time="0.001" /><testcase classname="backend.tests.test_ai_personalities.TestBehaviorMemory" name="test_sticky_targeting_keeps_committed_target" time="0.000" /><testcase classname="backend.tests.test_ai_personalities.TestBehaviorMemory" name="test_lowest_health_switches_when_weaker_appears" time="0.000" /><testcase classname="backend.tests.test_ai_personalities.TestBehaviorMemory" name="test_turns_chasing_resets_in_range_and_increments_out" time="0.001" /><testcase classname="backend.tests.test_ai_personalities.TestReusability" name="test_no_enemy_identity_branching_in_ai_py" time="0.001" /><testcase classname="backend.tests.test_ai_personalities.TestRegression" name="test_auto_battle_terminates[forest_wolf_pack]" time="0.010" /><testcase classname="backend.tests.test_ai_personalities.TestRegression" name="test_auto_battle_terminates[roadside_ambush]" time="0.012" /><testcase classname="backend.tests.test_ai_personalities.TestRegression" name="test_auto_battle_terminates[ruins_undead]" time="0.011" /><testcase classname="backend.tests.test_ai_personalities.TestRegression" name="test_auto_battle_terminates[goblin_camp]" time="0.016" /><testcase classname="backend.tests.test_ai_personalities.TestRegression" name="test_auto_battle_terminates[cave_swarm]" time="0.031" /><testcase classname="backend.tests.test_ai_personalities.TestRegression" name="test_auto_battle_terminates[orc_warband]" time="0.005" /><testcase classname="backend.tests.test_ai_personalities.TestRegression" name="test_auto_battle_terminates[corrupted_incursion]" time="0.007" /><testcase classname="backend.tests.test_ai_personalities.TestRegression" name="test_combat_bridge_headless" time="0.009" /><testcase classname="backend.tests.test_ai_personalities.TestRegression" name="test_all_blueprints_spawn" time="0.009" /><testcase classname="backend.tests.test_combat_bridge.TestHeadless" name="test_headless_returns_valid_outcome_and_hp_write_back" time="0.010" /><testcase classname="backend.tests.test_combat_bridge.TestHeadless" name="test_headless_terminates_within_engine_cap" time="0.006" /><testcase classname="backend.tests.test_combat_bridge.TestPartyBuild" name="test_class_map_defaults" time="0.000" /><testcase classname="backend.tests.test_combat_bridge.TestPartyBuild" name="test_party_uses_world_player_hp_and_level_scaling" time="0.000" /><testcase classname="backend.tests.test_combat_bridge.TestPartyBuild" name="test_companions_join_party_and_hp_written_back" time="0.000" /><testcase classname="backend.tests.test_combat_bridge.TestEnemyBuild" name="test_pick_group_biome_mapping" time="0.000" /><testcase classname="backend.tests.test_combat_bridge.TestEnemyBuild" name="test_bridge_source_does_not_import_enemy_manager" time="0.000" /><testcase classname="backend.tests.test_combat_bridge.TestEnemyBuild" name="test_build_group_returns_blueprint_enemies" time="0.001" /><testcase classname="backend.tests.test_combat_bridge.TestFairnessCap" name="test_solo_hero_caps_at_two_enemies" time="0.001" /><testcase classname="backend.tests.test_combat_bridge.TestFairnessCap" name="test_party_of_three_caps_at_four" time="0.001" /><testcase classname="backend.tests.test_combat_bridge.TestRewards" name="test_victory_grants_xp_gold_and_loot" time="0.001" /><testcase classname="backend.tests.test_combat_bridge.TestRewards" name="test_defeat_no_rewards_but_hp_still_written" time="0.001" /><testcase classname="backend.tests.test_combat_bridge.TestInteractive" name="test_full_scripted_interactive_encounter_terminates" time="0.029" /><testcase classname="backend.tests.test_combat_bridge.TestInteractive" name="test_interactive_controller_unreachable_move_is_rejected" time="0.001" /><testcase classname="backend.tests.test_combat_bridge.TestWiring" name="test_explore_menu_source_uses_combat_bridge_not_legacy" time="0.003" /><testcase classname="backend.tests.test_combat_bridge.TestWiring" name="test_hunt_calls_start_encounter" time="0.001" /><testcase classname="backend.tests.test_combat_bridge.TestLegacyStillImports" name="test_legacy_combat_imports" time="0.001" /><testcase classname="backend.tests.test_combat_bridge.TestSaveLoadAfterEncounter" name="test_save_load_roundtrip_after_encounter" time="0.002" /><testcase classname="backend.tests.test_phase1_wiring_integration.TestRegionGraph" name="test_all_regions_reachable_from_start" time="0.000" /><testcase classname="backend.tests.test_phase1_wiring_integration.TestRegionGraph" name="test_no_dangling_neighbor_ids" time="0.000" /><testcase classname="backend.tests.test_phase1_wiring_integration.TestTravel" name="test_trigger_travel_event_emit_collision_fixed" time="0.001" /><testcase classname="backend.tests.test_phase1_wiring_integration.TestTravel" name="test_travel_to_neighbor_updates_current_and_discovery" time="0.000" /><testcase classname="backend.tests.test_phase1_wiring_integration.TestTravel" name="test_travel_to_nonexistent_region_rejected" time="0.000" /><testcase classname="backend.tests.test_phase1_wiring_integration.TestTravel" name="test_travel_to_non_neighbor_rejected" time="0.000" /><testcase classname="backend.tests.test_phase1_wiring_integration.TestTravel" name="test_fast_travel_only_allows_discovered" time="0.000" /><testcase classname="backend.tests.test_phase1_wiring_integration.TestSettlements" name="test_every_referenced_settlement_survives_enter" time="0.001" /><testcase classname="backend.tests.test_phase1_wiring_integration.TestSettlements" name="test_enter_same_settlement_twice" time="0.000" /><testcase classname="backend.tests.test_phase1_wiring_integration.TestSettlements" name="test_settlement_menu_lists_and_leaves" time="0.000" /><testcase classname="backend.tests.test_phase1_wiring_integration.TestNPCs" name="test_talk_to_locals_when_no_one_in_region" time="0.000" /><testcase classname="backend.tests.test_phase1_wiring_integration.TestNPCs" name="test_start_dialogue_via_settlement_scene" time="0.000" /><testcase classname="backend.tests.test_phase1_wiring_integration.TestQuests" name="test_quest_board_populates_active_quests" time="0.000" /><testcase classname="backend.tests.test_phase1_wiring_integration.TestQuests" name="test_empty_quest_board_scene_runs" time="0.000" /><testcase classname="backend.tests.test_phase1_wiring_integration.TestPersistence" name="test_validate_world_state_new_game_truthy" time="0.000" /><testcase classname="backend.tests.test_phase1_wiring_integration.TestPersistence" name="test_save_load_preserves_quests_and_discovery" time="0.003" /><testcase classname="backend.tests.test_phase1_wiring_integration.TestPersistence" name="test_td001_discovery_agrees_across_travel_save_load" time="0.001" /><testcase classname="backend.tests.test_phase1_wiring_integration.TestPersistence" name="test_autosave_inside_settlement" time="0.001" /><testcase classname="backend.tests.test_phase1_wiring_integration.TestPersistence" name="test_safe_load_after_travel_mid_flight" time="0.001" /><testcase classname="backend.tests.test_phase1_wiring_integration.TestCombatRegression" name="test_quick_encounter_runs_with_attack_input" time="0.000" /><testcase classname="backend.tests.test_phase1_wiring_integration.TestSubsystems" name="test_inventory_give_and_show" time="0.000" /><testcase classname="backend.tests.test_phase1_wiring_integration.TestSubsystems" name="test_progression_add_experience_and_level_up" time="0.000" /><testcase classname="backend.tests.test_phase1_wiring_integration.TestSubsystems" name="test_legacy_harness_importable" time="0.008" /><testcase classname="backend.tests.test_phase_a_facing_flanking.TestFacingModule" name="test_dirs_cardinal_vectors" time="0.000" /><testcase classname="backend.tests.test_phase_a_facing_flanking.TestFacingModule" name="test_dir_from_to_cardinal" time="0.000" /><testcase classname="backend.tests.test_phase_a_facing_flanking.TestFacingModule" name="test_dir_from_to_returns_only_cardinals" time="0.000" /><testcase classname="backend.tests.test_phase_a_facing_flanking.TestFacingModule" name="test_relative_arc_e_facing_defender" time="0.000" /><testcase classname="backend.tests.test_phase_a_facing_flanking.TestFacingModule" name="test_relative_arc_none_is_always_front_backcompat" time="0.000" /><testcase classname="backend.tests.test_phase_a_facing_flanking.TestFacingModule" name="test_is_flanking_helper" time="0.000" /><testcase classname="backend.tests.test_phase_a_facing_flanking.TestFacingModule" name="test_facing_tables_shape" time="0.000" /><testcase classname="backend.tests.test_phase_a_facing_flanking.TestSharedHitChance" name="test_breakdown_exposes_facing_keys" time="0.000" /><testcase classname="backend.tests.test_phase_a_facing_flanking.TestSharedHitChance" name="test_rear_attack_raises_chance_by_0_20" time="0.000" /><testcase classname="backend.tests.test_phase_a_facing_flanking.TestSharedHitChance" name="test_side_attack_raises_chance_by_0_10" time="0.000" /><testcase classname="backend.tests.test_phase_a_facing_flanking.TestSharedHitChance" name="test_ai_and_player_share_same_function" time="0.000" /><testcase classname="backend.tests.test_phase_a_facing_flanking.TestFlankDamage" name="test_rear_flank_deals_1_25x_damage" time="0.000" /><testcase classname="backend.tests.test_phase_a_facing_flanking.TestFlankDamage" name="test_front_attack_deals_flat_damage" time="0.000" /><testcase classname="backend.tests.test_phase_a_facing_flanking.TestFlankDamage" name="test_none_facing_treated_as_front_backcompat" time="0.000" /><testcase classname="backend.tests.test_phase_a_facing_flanking.TestFlankDamage" name="test_flank_log_tag_present" time="0.000" /><testcase classname="backend.tests.test_phase_a_facing_flanking.TestFlankDamage" name="test_no_flank_tag_on_front_hit" time="0.000" /><testcase classname="backend.tests.test_phase_a_facing_flanking.TestFlankDamage" name="test_attacker_faces_target_after_attack" time="0.000" /><testcase classname="backend.tests.test_phase_a_facing_flanking.TestOpportunityAttacks" name="test_opportunity_fires_when_leaving_reach" time="0.001" /><testcase classname="backend.tests.test_phase_a_facing_flanking.TestOpportunityAttacks" name="test_no_opportunity_when_still_adjacent" time="0.000" /><testcase classname="backend.tests.test_phase_a_facing_flanking.TestOpportunityAttacks" name="test_ranged_foe_not_adjacent_does_not_get_opportunity" time="0.001" /><testcase classname="backend.tests.test_phase_a_facing_flanking.TestOpportunityAttacks" name="test_each_foe_swings_at_most_once_per_move" time="0.001" /><testcase classname="backend.tests.test_phase_a_facing_flanking.TestReadability" name="test_movement_preview_exposes_provokes_opportunity_from" time="0.001" /><testcase classname="backend.tests.test_phase_a_facing_flanking.TestReadability" name="test_movement_preview_empty_when_still_in_reach" time="0.000" /><testcase classname="backend.tests.test_phase_a_facing_flanking.TestMoveSetsFacing" name="test_facing_matches_last_step" time="0.001" /><testcase classname="backend.tests.test_phase_a_facing_flanking.TestFoundationRegression" name="test_front_melee_damage_minus_armor_still_7" time="0.000" /><testcase classname="backend.tests.test_phase_a_facing_flanking.TestFoundationRegression" name="test_ranged_range_gate" time="0.000" /><testcase classname="backend.tests.test_phase_a_facing_flanking.TestFoundationRegression" name="test_all_74_blueprints_resolve_and_spawn" time="0.009" /><testcase classname="backend.tests.test_phase_a_facing_flanking.TestFoundationRegression" name="test_auto_battle_terminates_with_opportunity_attacks_active" time="0.009" /><testcase classname="backend.tests.test_phase_a_facing_flanking.TestEncounterAutoBattles" name="test_multiple_encounters_run_clean" time="0.071" /><testcase classname="backend.tests.test_tactical_independent.TestLineOfSight" name="test_tree_blocks_los_at_equal_elevation" time="0.000" /><testcase classname="backend.tests.test_tactical_independent.TestLineOfSight" name="test_cliff_top_sees_over_tree" time="0.000" /><testcase classname="backend.tests.test_tactical_independent.TestLineOfSight" name="test_clear_los" time="0.000" /><testcase classname="backend.tests.test_tactical_independent.TestPathing" name="test_path_routes_around_boulder_wall" time="0.000" /><testcase classname="backend.tests.test_tactical_independent.TestPathing" name="test_reachable_respects_ap_budget" time="0.000" /><testcase classname="backend.tests.test_tactical_independent.TestPathing" name="test_path_none_when_blocked" time="0.000" /><testcase classname="backend.tests.test_tactical_independent.TestAttack" name="test_hit_reduces_hp_by_damage_minus_armor" time="0.000" /><testcase classname="backend.tests.test_tactical_independent.TestAttack" name="test_armor_floor_min_one" time="0.001" /><testcase classname="backend.tests.test_tactical_independent.TestAttack" name="test_forced_miss_no_damage" time="0.000" /><testcase classname="backend.tests.test_tactical_independent.TestPrepareReactions" name="test_guardian_counterattacks_adjacent_enemy" time="0.000" /><testcase classname="backend.tests.test_tactical_independent.TestPrepareReactions" name="test_rogue_evasion_negates_hit" time="0.000" /><testcase classname="backend.tests.test_tactical_independent.TestPrepareReactions" name="test_ranger_reaction_shot_on_movement" time="0.000" /><testcase classname="backend.tests.test_tactical_independent.TestEnvironment" name="test_fire_spreads_burns_out_to_scorched_with_smoke" time="0.000" /><testcase classname="backend.tests.test_tactical_independent.TestPersistence" name="test_destroyed_bridge_persists_and_reloads" time="0.000" /><testcase classname="backend.tests.test_tactical_independent.TestReturnContext" name="test_context_preserved_after_auto_battle" time="0.011" /><testcase classname="backend.tests.test_tactical_independent.TestEnemyRoster" name="test_all_enemies_spawn" time="0.008" /><testcase classname="backend.tests.test_tactical_independent.TestEnemyRoster" name="test_encounter_groups_run" time="0.021" /><testcase classname="backend.tests.test_tactical_independent.TestWarnsAreReal" name="test_no_skill_or_item_action" time="0.000" /><testcase classname="backend.tests.test_tactical_independent.TestWarnsAreReal" name="test_ai_does_not_cast_abilities" time="0.000" /><testcase classname="backend.tests.test_tactical_independent.TestWarnsAreReal" name="test_referenced_ai_profiles_now_defined" time="0.001" /><testcase classname="backend.tests.test_tactical_independent.TestLoadoutLocking" name="test_loadout_locked_error_in_combat" time="0.000" /></testsuite></testsuites>