<?xml version="1.0" encoding="utf-8"?><testsuites name="pytest tests"><testsuite name="pytest" errors="0" failures="0" skipped="0" tests="21" time="0.087" timestamp="2026-08-04T02:00:49.439010+00:00" hostname="agent-env-6b806024-a2d1-4e49-8221-01131464cd7b"><testcase classname="backend.tests.test_tactical_independent.TestLineOfSight" name="test_tree_blocks_los_at_equal_elevation" time="0.000" /><testcase classname="backend.tests.test_tactical_independent.TestLineOfSight" name="test_cliff_top_sees_over_tree" time="0.000" /><testcase classname="backend.tests.test_tactical_independent.TestLineOfSight" name="test_clear_los" time="0.000" /><testcase classname="backend.tests.test_tactical_independent.TestPathing" name="test_path_routes_around_boulder_wall" time="0.000" /><testcase classname="backend.tests.test_tactical_independent.TestPathing" name="test_reachable_respects_ap_budget" time="0.000" /><testcase classname="backend.tests.test_tactical_independent.TestPathing" name="test_path_none_when_blocked" time="0.000" /><testcase classname="backend.tests.test_tactical_independent.TestAttack" name="test_hit_reduces_hp_by_damage_minus_armor" time="0.000" /><testcase classname="backend.tests.test_tactical_independent.TestAttack" name="test_armor_floor_min_one" time="0.000" /><testcase classname="backend.tests.test_tactical_independent.TestAttack" name="test_forced_miss_no_damage" time="0.000" /><testcase classname="backend.tests.test_tactical_independent.TestPrepareReactions" name="test_guardian_counterattacks_adjacent_enemy" time="0.000" /><testcase classname="backend.tests.test_tactical_independent.TestPrepareReactions" name="test_rogue_evasion_negates_hit" time="0.000" /><testcase classname="backend.tests.test_tactical_independent.TestPrepareReactions" name="test_ranger_reaction_shot_on_movement" time="0.000" /><testcase classname="backend.tests.test_tactical_independent.TestEnvironment" name="test_fire_spreads_burns_out_to_scorched_with_smoke" time="0.000" /><testcase classname="backend.tests.test_tactical_independent.TestPersistence" name="test_destroyed_bridge_persists_and_reloads" time="0.000" /><testcase classname="backend.tests.test_tactical_independent.TestReturnContext" name="test_context_preserved_after_auto_battle" time="0.012" /><testcase classname="backend.tests.test_tactical_independent.TestEnemyRoster" name="test_all_enemies_spawn" time="0.009" /><testcase classname="backend.tests.test_tactical_independent.TestEnemyRoster" name="test_encounter_groups_run" time="0.020" /><testcase classname="backend.tests.test_tactical_independent.TestWarnsAreReal" name="test_no_skill_or_item_action" time="0.000" /><testcase classname="backend.tests.test_tactical_independent.TestWarnsAreReal" name="test_ai_does_not_cast_abilities" time="0.000" /><testcase classname="backend.tests.test_tactical_independent.TestWarnsAreReal" name="test_referenced_ai_profiles_missing" time="0.001" /><testcase classname="backend.tests.test_tactical_independent.TestLoadoutLocking" name="test_loadout_locked_error_in_combat" time="0.000" /></testsuite></testsuites>